[92m[INFO] Run[0m pion /home/saint/Documents/UNIBO/tesi/FastCaloChallenge/input/dataset1/dataset_1_pions_1.hdf5
Model: "model"
__________________________________________________________________________________________________
Layer (type)                    Output Shape         Param #     Connected to                     
==================================================================================================
Noise (InputLayer)              [(None, 200)]        0                                            
__________________________________________________________________________________________________
mycond (InputLayer)             [(None, 1)]          0                                            
__________________________________________________________________________________________________
concatenate (Concatenate)       (None, 201)          0           Noise[0][0]                      
                                                                 mycond[0][0]                     
__________________________________________________________________________________________________
dense (Dense)                   (None, 200)          40400       concatenate[0][0]                
__________________________________________________________________________________________________
batch_normalization (BatchNorma (None, 200)          800         dense[0][0]                      
__________________________________________________________________________________________________
re_lu (ReLU)                    (None, 200)          0           batch_normalization[0][0]        
__________________________________________________________________________________________________
dense_1 (Dense)                 (None, 400)          80400       re_lu[0][0]                      
__________________________________________________________________________________________________
batch_normalization_1 (BatchNor (None, 400)          1600        dense_1[0][0]                    
__________________________________________________________________________________________________
re_lu_1 (ReLU)                  (None, 400)          0           batch_normalization_1[0][0]      
__________________________________________________________________________________________________
dense_2 (Dense)                 (None, 800)          320800      re_lu_1[0][0]                    
__________________________________________________________________________________________________
batch_normalization_2 (BatchNor (None, 800)          3200        dense_2[0][0]                    
__________________________________________________________________________________________________
re_lu_2 (ReLU)                  (None, 800)          0           batch_normalization_2[0][0]      
__________________________________________________________________________________________________
dense_3 (Dense)                 (None, 533)          426933      re_lu_2[0][0]                    
__________________________________________________________________________________________________
re_lu_3 (ReLU)                  (None, 533)          0           dense_3[0][0]                    
==================================================================================================
Total params: 874,133
Trainable params: 871,333
Non-trainable params: 2,800
__________________________________________________________________________________________________
Model: "sequential"
_________________________________________________________________
Layer (type)                 Output Shape              Param #   
=================================================================
dense_4 (Dense)              (None, 800)               428000    
_________________________________________________________________
re_lu_4 (ReLU)               (None, 800)               0         
_________________________________________________________________
dense_5 (Dense)              (None, 400)               320400    
_________________________________________________________________
re_lu_5 (ReLU)               (None, 400)               0         
_________________________________________________________________
dense_6 (Dense)              (None, 200)               80200     
_________________________________________________________________
re_lu_6 (ReLU)               (None, 200)               0         
_________________________________________________________________
dense_7 (Dense)              (None, 1)                 201       
=================================================================
Total params: 828,801
Trainable params: 828,801
Non-trainable params: 0
_________________________________________________________________
[92m[INFO] Save to[0m ../output/dataset1/v2/BNReLU_hpo27-M1/pions_eta_20_25/train/input_pion_None.pdf
[92m[INFO] Save to[0m ../output/dataset1/v2/BNReLU_hpo27-M1/pions_eta_20_25/train/input_pion_None.pdf
[92m[INFO] Training size[0m (120230, 533) kinematic and counts: (array([    151.98902586,     391.09026748,     893.87189609,
          1913.15233772,    3958.77823535,    8053.58937655,
         16244.99472065,   32628.69736437,   65396.54868269,
        130932.47434141,  262004.43717071,  524148.41858536,
       1048436.40929268, 2097012.40464634, 4194164.40232317]), array([10000, 10000, 10000, 10000, 10000, 10000, 10000, 10000, 10000,
       10000, 10000,  5000,  3000,  2000,   230]))

✅ Execution completed
⏱️ End time: Sun Aug 24 01:55:28 CEST 2025
🎯 Exit code: 0

🎯 EXECUTION SUMMARY
====================
Task: train
Duration: 0h 0m 25s
Experiment ID: exp_20250824_015503
Results saved to: /home/saint/Documents/UNIBO/tesi/results/monitoring/exp_20250824_015503

/home/saint/Documents/UNIBO/tesi/scripts
🧹 Cleaning up...
🛑 Stopping monitoring...
✅ Monitoring stopped
✅ Cleanup completed
